0 info it worked if it ends with ok
1 verbose cli [ 'C:\\Program Files\\nodejs\\node.exe',
1 verbose cli   'C:\\Users\\16092927\\AppData\\Roaming\\npm\\node_modules\\npm\\bin\\npm-cli.js',
1 verbose cli   'run',
1 verbose cli   'dev' ]
2 info using npm@3.10.8
3 info using node@v4.4.5
4 verbose run-script [ 'predev', 'dev', 'postdev' ]
5 info lifecycle angular-adminlte-plugin@0.1.0~predev: angular-adminlte-plugin@0.1.0
6 silly lifecycle angular-adminlte-plugin@0.1.0~predev: no script for predev, continuing
7 info lifecycle angular-adminlte-plugin@0.1.0~dev: angular-adminlte-plugin@0.1.0
8 verbose lifecycle angular-adminlte-plugin@0.1.0~dev: unsafe-perm in lifecycle true
9 verbose lifecycle angular-adminlte-plugin@0.1.0~dev: PATH: C:\Users\16092927\AppData\Roaming\npm\node_modules\.npm_npminstall\node_modules\.3.10.8@npm\bin\node-gyp-bin;C:\Users\16092927\Documents\svn\snds_Subsystem_05_V1.1\node_modules\.bin;C:\ProgramData\Oracle\Java\javapath;C:\Windows\system32;C:\Windows;C:\Windows\System32\Wbem;C:\Windows\System32\WindowsPowerShell\v1.0\;C:\Program Files\nodejs\;C:\Program Files\TortoiseSVN\bin;c:\Program Files\Git\cmd;C:\Program Files (x86)\Common Files\Acronis\SnapAPI\;C:\Program Files (x86)\MySQL\MySQL Fabric 1.5 & MySQL Utilities 1.5\;C:\Program Files (x86)\MySQL\MySQL Fabric 1.5 & MySQL Utilities 1.5\Doctrine extensions for PHP\;C:\Program Files\Java\jdk1.8.0_77\bin;C:\Users\16092927\AppData\Roaming\npm;C:\Users\16092927\AppData\Local\atom\bin;C:\Program Files (x86)\Microsoft VS Code\bin;C:\nginx-1.11.5
10 verbose lifecycle angular-adminlte-plugin@0.1.0~dev: CWD: C:\Users\16092927\Documents\svn\snds_Subsystem_05_V1.1
11 silly lifecycle angular-adminlte-plugin@0.1.0~dev: Args: [ '/d /s /c',
11 silly lifecycle   'set NODE_ENV=development&& webpack-dev-server --debug --display-error-details --history-api-fallback --inline --hot --progress' ]
12 verbose stack Error: kill ENOSYS
12 verbose stack     at exports._errnoException (util.js:870:11)
12 verbose stack     at process.kill (node.js:777:15)
12 verbose stack     at process.listener (C:\Users\16092927\AppData\Roaming\npm\node_modules\.npm_npminstall\node_modules\.3.10.8@npm\node_modules\npmlog\node_modules\gauge\node_modules\signal-exit\index.js:86:15)
12 verbose stack     at emitNone (events.js:72:20)
12 verbose stack     at process.emit (events.js:166:7)
12 verbose stack     at processEmit (C:\Users\16092927\AppData\Roaming\npm\node_modules\.npm_npminstall\node_modules\.3.10.8@npm\node_modules\npmlog\node_modules\gauge\node_modules\signal-exit\index.js:146:32)
12 verbose stack     at processEmit (C:\Users\16092927\AppData\Roaming\npm\node_modules\.npm_npminstall\node_modules\.3.10.8@npm\node_modules\npm-registry-client\node_modules\npmlog\node_modules\gauge\node_modules\signal-exit\index.js:146:32)
12 verbose stack     at Signal.wrap.onsignal (node.js:804:46)
13 verbose cwd C:\Users\16092927\Documents\svn\snds_Subsystem_05_V1.1
14 error Windows_NT 6.1.7601
15 error argv "C:\\Program Files\\nodejs\\node.exe" "C:\\Users\\16092927\\AppData\\Roaming\\npm\\node_modules\\npm\\bin\\npm-cli.js" "run" "dev"
16 error node v4.4.5
17 error npm  v3.10.8
18 error code ENOSYS
19 error errno ENOSYS
20 error syscall kill
21 error kill ENOSYS
22 error If you need help, you may report this error at:
22 error     <https://github.com/npm/npm/issues>
23 verbose exit [ 1, true ]
